生成启动时间为 2016/01/04 下午 01:45:00。
     1>项目“E:\vc6\MyProjects\ACM\calc\calc.vcxproj”在节点 2 上(build 个目标)。
     1>InitializeBuildStatus:
         正在创建“.\Debug\calc.unsuccessfulbuild”，因为已指定“AlwaysCreate”。
       ClCompile:
         所有输出均为最新。
         E:\Program Files (x86)\Microsoft Visual Studio 10.0\VC\bin\CL.exe /c /ZI /nologo /W3 /WX- /Od /Oy- /D WIN32 /D _DEBUG /D _WINDOWS /D _VC80_UPGRADE=0x0600 /D _MBCS /D _AFXDLL /Gm /EHsc /RTC1 /MDd /GS /Gy- /fp:precise /Zc:wchar_t /Zc:forScope /Yu"stdafx.h" /Fp".\Debug\calc.pch" /Fo".\Debug\\" /Fd".\Debug\vc100.pdb" /Gd /TP /analyze- /errorReport:prompt calcDlg.cpp
         calcDlg.cpp
     1>e:\vc6\myprojects\acm\calc\calcdlg.cpp(194): warning C4715: “init”: 不是所有的控件路径都返回值
       ResourceCompile:
         所有输出均为最新。
       ManifestResourceCompile:
         所有输出均为最新。
       Link:
         E:\Program Files (x86)\Microsoft Visual Studio 10.0\VC\bin\link.exe /ERRORREPORT:PROMPT /OUT:".\Debug\calc.exe" /INCREMENTAL /NOLOGO /MANIFEST /ManifestFile:".\Debug\calc.exe.intermediate.manifest" /MANIFESTUAC:"level='asInvoker' uiAccess='false'" /DEBUG /PDB:"E:\vc6\MyProjects\ACM\calc\Debug\calc.pdb" /SUBSYSTEM:WINDOWS /TLBID:1 /DYNAMICBASE /NXCOMPAT /IMPLIB:".\Debug\calc.lib" /MACHINE:X86 .\Debug\calc.res
         .\Debug\calc.exe.embed.manifest.res
         .\Debug\calc.obj
         .\Debug\calcDlg.obj
         .\Debug\StdAfx.obj
       Manifest:
         C:\Program Files (x86)\Microsoft SDKs\Windows\v7.0A\bin\mt.exe /nologo /verbose /out:".\Debug\calc.exe.embed.manifest" /manifest .\Debug\calc.exe.intermediate.manifest "E:\Program Files (x86)\Microsoft Visual Studio 10.0\VC\Include\Manifest\dpiaware.manifest"
         所有输出均为最新。
       LinkEmbedManifest:
         所有输出均为最新。
         calc.vcxproj -> E:\vc6\MyProjects\ACM\calc\.\Debug\calc.exe
       FinalizeBuildStatus:
         正在删除文件“.\Debug\calc.unsuccessfulbuild”。
         正在对“.\Debug\calc.lastbuildstate”执行 Touch 任务。
     1>已完成生成项目“E:\vc6\MyProjects\ACM\calc\calc.vcxproj”(build 个目标)的操作。

生成成功。

已用时间 00:00:00.79
