生成启动时间为 2016/01/04 下午 01:08:20。
     1>项目“C:\Users\Administrator\Desktop\atlmath\atlmath.vcxproj”在节点 2 上(build 个目标)。
     1>InitializeBuildStatus:
         正在创建“.\Debug\atlmath.unsuccessfulbuild”，因为已指定“AlwaysCreate”。
       Midl:
         C:\Program Files (x86)\Microsoft SDKs\Windows\v7.0A\bin\midl.exe /W1 /nologo /char signed /env win32 /Oicf /h "atlmath.h" /iid "atlmath_i.c" /tlb ".\atlmath.tlb" atlmath.idl 
         Processing .\atlmath.idl
         atlmath.idl
         Processing C:\Program Files (x86)\Microsoft SDKs\Windows\v7.0A\include\oaidl.idl
         oaidl.idl
         Processing C:\Program Files (x86)\Microsoft SDKs\Windows\v7.0A\include\objidl.idl
         objidl.idl
         Processing C:\Program Files (x86)\Microsoft SDKs\Windows\v7.0A\include\unknwn.idl
         unknwn.idl
         Processing C:\Program Files (x86)\Microsoft SDKs\Windows\v7.0A\include\wtypes.idl
         wtypes.idl
         Processing C:\Program Files (x86)\Microsoft SDKs\Windows\v7.0A\include\basetsd.h
         basetsd.h
         Processing C:\Program Files (x86)\Microsoft SDKs\Windows\v7.0A\include\guiddef.h
         guiddef.h
         Processing C:\Program Files (x86)\Microsoft SDKs\Windows\v7.0A\include\ocidl.idl
         ocidl.idl
         Processing C:\Program Files (x86)\Microsoft SDKs\Windows\v7.0A\include\oleidl.idl
         oleidl.idl
         Processing C:\Program Files (x86)\Microsoft SDKs\Windows\v7.0A\include\servprov.idl
         servprov.idl
         Processing C:\Program Files (x86)\Microsoft SDKs\Windows\v7.0A\include\urlmon.idl
         urlmon.idl
         Processing C:\Program Files (x86)\Microsoft SDKs\Windows\v7.0A\include\msxml.idl
         msxml.idl
         Processing C:\Program Files (x86)\Microsoft SDKs\Windows\v7.0A\include\oaidl.acf
         oaidl.acf
         Processing C:\Program Files (x86)\Microsoft SDKs\Windows\v7.0A\include\ocidl.acf
         ocidl.acf
       ClCompile:
         E:\Program Files (x86)\Microsoft Visual Studio 10.0\VC\bin\CL.exe /c /ZI /nologo /W3 /WX- /Od /Oy- /D WIN32 /D _DEBUG /D _WINDOWS /D _USRDLL /D _VC80_UPGRADE=0x0600 /D _WINDLL /D _MBCS /Gm /EHsc /RTC1 /MTd /GS /Gy- /fp:precise /Zc:wchar_t /Zc:forScope /Yc"stdafx.h" /Fp".\Debug\atlmath.pch" /Fo".\Debug\\" /Fd".\Debug\vc100.pdb" /Gd /TP /analyze- /errorReport:prompt StdAfx.cpp
         StdAfx.cpp
     1>e:\program files (x86)\microsoft visual studio 10.0\vc\atlmfc\include\atlcore.h(35): fatal error C1189: #error :  This file requires _WIN32_WINNT to be #defined at least to 0x0403. Value 0x0501 or higher is recommended.
     1>已完成生成项目“C:\Users\Administrator\Desktop\atlmath\atlmath.vcxproj”(build 个目标)的操作 - 失败。

生成失败。

已用时间 00:00:02.70
